This is pdfTeX, Version 3.14159265-2.6-1.40.21 (MiKTeX 20.11) (preloaded format=latex 2020.12.10)  11 DEC 2020 15:49
entering extended mode
**./out/VeriCrypt2020/fstar-vericrypt-lecture1-math-plain.tex
(out/VeriCrypt2020/fstar-vericrypt-lecture1-math-plain.tex
LaTeX2e <2020-10-01> patch level 2
L3 programming layer <2020-10-27> xparse <2020-03-03> ("C:\Program Files\MiKTeX
\tex/latex/base\book.cls"
Document Class: book 2020/04/10 v1.4m Standard LaTeX document class
("C:\Program Files\MiKTeX\tex/latex/base\bk10.clo"
File: bk10.clo 2020/04/10 v1.4m Standard LaTeX file (size option)
)
\c@part=\count175
\c@chapter=\count176
\c@section=\count177
\c@subsection=\count178
\c@subsubsection=\count179
\c@paragraph=\count180
\c@subparagraph=\count181
\c@figure=\count182
\c@table=\count183
\abovecaptionskip=\skip47
\belowcaptionskip=\skip48
\bibindent=\dimen138
)
(C:\cygwin64\home\aseemr\fstar-priv\courses\VeriCrypt2020\out\VeriCrypt2020\mad
oko2.sty ("C:\Program Files\MiKTeX\tex/latex/colortbl\colortbl.sty"
Package: colortbl 2020/01/04 v1.0e Color table columns (DPC)
("C:\Program Files\MiKTeX\tex/latex/tools\array.sty"
Package: array 2019/08/31 v2.4l Tabular extension package (FMi)
\col@sep=\dimen139
\ar@mcellbox=\box47
\extrarowheight=\dimen140
\NC@list=\toks15
\extratabsurround=\skip49
\backup@length=\skip50
\ar@cellbox=\box48
) ("C:\Program Files\MiKTeX\tex/latex/graphics\color.sty"
Package: color 2020/02/24 v1.2b Standard LaTeX Color (DPC)
("C:\Program Files\MiKTeX\tex/latex/graphics-cfg\color.cfg"
File: color.cfg 2016/01/02 v1.6 sample color configuration
)
Package color Info: Driver file: dvips.def on input line 147.
("C:\Program Files\MiKTeX\tex/latex/graphics-def\dvips.def"
File: dvips.def 2017/06/20 v3.1d Graphics/color driver for dvips
) ("C:\Program Files\MiKTeX\tex/latex/graphics\dvipsnam.def"
File: dvipsnam.def 2016/06/17 v3.0m Driver-dependent file (DPC,SPQR)
))
\everycr=\toks16
\minrowclearance=\skip51
) ("C:\Program Files\MiKTeX\tex/latex/xcolor\xcolor.sty"
Package: xcolor 2016/05/11 v2.12 LaTeX color extensions (UK)
("C:\Program Files\MiKTeX\tex/latex/graphics-cfg\color.cfg"
File: color.cfg 2016/01/02 v1.6 sample color configuration
)
Package xcolor Info: Driver file: dvips.def on input line 225.
LaTeX Info: Redefining \color on input line 709.
Package xcolor Info: Model `cmy' substituted by `cmy0' on input line 1348.
Package xcolor Info: Model `RGB' extended on input line 1364.
Package xcolor Info: Model `HTML' substituted by `rgb' on input line 1366.
Package xcolor Info: Model `Hsb' substituted by `hsb' on input line 1367.
Package xcolor Info: Model `tHsb' substituted by `hsb' on input line 1368.
Package xcolor Info: Model `HSB' substituted by `hsb' on input line 1369.
Package xcolor Info: Model `Gray' substituted by `gray' on input line 1370.
Package xcolor Info: Model `wave' substituted by `hsb' on input line 1371.
)
(C:\cygwin64\home\aseemr\fstar-priv\courses\VeriCrypt2020\out\VeriCrypt2020\opt
ions.sty
Package: options 2015/03/01, Daan Leijen, Provides convenient path-value (or ke
y-value) options
("C:\Program Files\MiKTeX\tex/latex/etoolbox\etoolbox.sty"
Package: etoolbox 2020/10/05 v2.5k e-TeX tools for LaTeX (JAW)
\etb@tempcnta=\count184
)
\opt@nesting=\count185
\opt@idx=\count186
\opt@choiceord=\count187
) ("C:\Program Files\MiKTeX\tex/generic/iftex\iftex.sty"
Package: iftex 2020/03/06 v1.0d TeX engine tests
) ("C:\Program Files\MiKTeX\tex/latex/graphics\graphicx.sty"
Package: graphicx 2020/09/09 v1.2b Enhanced LaTeX Graphics (DPC,SPQR)
("C:\Program Files\MiKTeX\tex/latex/graphics\keyval.sty"
Package: keyval 2014/10/28 v1.15 key=value parser (DPC)
\KV@toks@=\toks17
) ("C:\Program Files\MiKTeX\tex/latex/graphics\graphics.sty"
Package: graphics 2020/08/30 v1.4c Standard LaTeX Graphics (DPC,SPQR)
("C:\Program Files\MiKTeX\tex/latex/graphics\trig.sty"
Package: trig 2016/01/03 v1.10 sin cos tan (DPC)
) ("C:\Program Files\MiKTeX\tex/latex/graphics-cfg\graphics.cfg"
File: graphics.cfg 2016/06/04 v1.11 sample graphics configuration
)
Package graphics Info: Driver file: dvips.def on input line 105.
)
\Gin@req@height=\dimen141
\Gin@req@width=\dimen142
)
(C:\cygwin64\home\aseemr\fstar-priv\courses\VeriCrypt2020\out\VeriCrypt2020\lon
gfbox.sty
Package: longfbox 2015/12/01, Daan Leijen, Provides long fbox that can break ov
er pages

(C:\cygwin64\home\aseemr\fstar-priv\courses\VeriCrypt2020\out\VeriCrypt2020\lon
gbox.sty
Package: longbox 2015/12/01, Daan Leijen, Provides basic longbox that can break
 over pages
("C:\Program Files\MiKTeX\tex/latex/mdwtools\footnote.sty"
Package: footnote 1997/01/28 1.13 Save footnotes around boxes
\fn@notes=\box49
\fn@width=\dimen143
)
\lb@prevdepth=\skip52
\lb@freevspace=\skip53
\lb@headbox=\box50
\lb@savebox=\box51
\lb@mainbox=\box52
\lb@usevbox=\count188
\lb@width=\skip54
\lb@height=\skip55
\lb@skiptop=\skip56
\lb@skipright=\skip57
\lb@skipbottom=\skip58
\lb@skipleft=\skip59
\lb@skipbreaktop=\skip60
\lb@skipbreakbottom=\skip61
\lb@outerwidth=\skip62
\lb@extrasplit=\skip63
\lb@textalign=\count189
\lb@baseline=\count190
\lb@neededvspace=\skip64
\lb@splitheight=\skip65
\lb@insurance=\skip66
\/longbox/@part-height=\skip67
\/longbox/@part-width=\skip68
\/longbox/@part-depth=\skip69
\/longbox/@content-box-height=\skip70
\/longbox/@content-box-width=\skip71
\/longbox/@content-box-depth=\skip72
\/longbox/@breakat-previous=\skip73
\/longbox/@lower=\skip74
\/longbox/split-minimum=\skip75
\/longbox/split-badness=\skip76
\/longbox/raise=\skip77
\/longbox/height=\skip78
\/longbox/width=\skip79
\/longbox/outer-height=\skip80
\/longbox/outer-width=\skip81
\/longbox/skip-top=\skip82
\/longbox/skip-right=\skip83
\/longbox/skip-bottom=\skip84
\/longbox/skip-left=\skip85
\/longbox/skip-break-bottom=\skip86
\/longbox/skip-break-top=\skip87
) ("C:\Program Files\MiKTeX\tex/latex/pict2e\pict2e.sty"
Package: pict2e 2020/09/30 v0.4b Improved picture commands (HjG,RN,JT)
("C:\Program Files\MiKTeX\tex/latex/pict2e\pict2e.cfg"
File: pict2e.cfg 2016/02/05 v0.1u pict2e configuration for teTeX/TeXLive
)
Package pict2e Info: Driver file: dvips.def on input line 112.
Package pict2e Info: Driver file for pict2e: p2e-dvips.def on input line 114.
("C:\Program Files\MiKTeX\tex/latex/pict2e\p2e-dvips.def"
File: p2e-dvips.def 2016/02/05 v0.1u Driver-dependant file (RN,HjG,JT)
)
\pIIe@GRAPH=\toks18
\@arclen=\dimen144
\@arcrad=\dimen145
\pIIe@tempdima=\dimen146
\pIIe@tempdimb=\dimen147
\pIIe@tempdimc=\dimen148
\pIIe@tempdimd=\dimen149
\pIIe@tempdime=\dimen150
\pIIe@tempdimf=\dimen151
)
(C:\cygwin64\home\aseemr\fstar-priv\courses\VeriCrypt2020\out\VeriCrypt2020\ell
ipse.sty
Package: ellipse 2004/11/05 v1.0 .dtx ellipse file
)
\fbox@oct=\count191
\fbox@quad=\count192
\fbox@diaq=\count193
\fbox@sign=\count194
\fbox@anglestart=\skip88
\fbox@angleend=\skip89
\fbox@dash=\skip90
\fbox@dashskip=\skip91
\fbox@anglecur=\skip92
\fbox@dashangle=\skip93
\fbox@dashskipangle=\skip94
\fbox@delta=\skip95
\fbox@from=\skip96
\fbox@to=\skip97
\/fbox/padding-top=\skip98
\/fbox/padding-right=\skip99
\/fbox/padding-bottom=\skip100
\/fbox/padding-left=\skip101
\/fbox/padding-break-top=\skip102
\/fbox/padding-break-bottom=\skip103
\/fbox/margin-top=\skip104
\/fbox/margin-right=\skip105
\/fbox/margin-bottom=\skip106
\/fbox/margin-left=\skip107
\/fbox/margin-break-top=\skip108
\/fbox/margin-break-bottom=\skip109
\/fbox/border-top-width=\skip110
\/fbox/border-right-width=\skip111
\/fbox/border-bottom-width=\skip112
\/fbox/border-left-width=\skip113
\/fbox/border-break-top-width=\skip114
\/fbox/border-break-bottom-width=\skip115
\/fbox/@lower=\skip116
\/fbox/@padding-box-height=\skip117
\/fbox/@padding-box-depth=\skip118
\/fbox/@padding-box-width=\skip119
\/fbox/@border-box-width=\skip120
\/fbox/@border-box-height=\skip121
\/fbox/@border-box-depth=\skip122
\/fbox/@border-top-left-radius-x=\skip123
\/fbox/@border-top-right-radius-x=\skip124
\/fbox/@border-bottom-left-radius-x=\skip125
\/fbox/@border-bottom-right-radius-x=\skip126
\/fbox/@border-top-left-radius-y=\skip127
\/fbox/@border-top-right-radius-y=\skip128
\/fbox/@border-bottom-left-radius-y=\skip129
\/fbox/@border-bottom-right-radius-y=\skip130
\/fbox/@border-top-left-ix=\skip131
\/fbox/@border-top-left-iy=\skip132
\/fbox/@border-top-right-ix=\skip133
\/fbox/@border-top-right-iy=\skip134
\/fbox/@border-bottom-left-ix=\skip135
\/fbox/@border-bottom-left-iy=\skip136
\/fbox/@border-bottom-right-ix=\skip137
\/fbox/@border-bottom-right-iy=\skip138
\/fbox/@border-top-left-phi=\skip139
\/fbox/@border-top-right-phi=\skip140
\/fbox/@border-bottom-left-phi=\skip141
\/fbox/@border-bottom-right-phi=\skip142
) ("C:\Program Files\MiKTeX\tex/latex/amsmath\amsmath.sty"
Package: amsmath 2020/09/23 v2.17i AMS math features
\@mathmargin=\skip143
For additional information on amsmath, use the `?' option.
("C:\Program Files\MiKTeX\tex/latex/amsmath\amstext.sty"
Package: amstext 2000/06/29 v2.01 AMS text
("C:\Program Files\MiKTeX\tex/latex/amsmath\amsgen.sty"
File: amsgen.sty 1999/11/30 v2.0 generic functions
\@emptytoks=\toks19
\ex@=\dimen152
)) ("C:\Program Files\MiKTeX\tex/latex/amsmath\amsbsy.sty"
Package: amsbsy 1999/11/29 v1.2d Bold Symbols
\pmbraise@=\dimen153
) ("C:\Program Files\MiKTeX\tex/latex/amsmath\amsopn.sty"
Package: amsopn 2016/03/08 v2.02 operator names
)
\inf@bad=\count195
LaTeX Info: Redefining \frac on input line 234.
\uproot@=\count196
\leftroot@=\count197
LaTeX Info: Redefining \overline on input line 399.
\classnum@=\count198
\DOTSCASE@=\count199
LaTeX Info: Redefining \ldots on input line 496.
LaTeX Info: Redefining \dots on input line 499.
LaTeX Info: Redefining \cdots on input line 620.
\Mathstrutbox@=\box53
\strutbox@=\box54
\big@size=\dimen154
LaTeX Font Info:    Redeclaring font encoding OML on input line 743.
LaTeX Font Info:    Redeclaring font encoding OMS on input line 744.
\macc@depth=\count266
\c@MaxMatrixCols=\count267
\dotsspace@=\muskip16
\c@parentequation=\count268
\dspbrk@lvl=\count269
\tag@help=\toks20
\row@=\count270
\column@=\count271
\maxfields@=\count272
\andhelp@=\toks21
\eqnshift@=\dimen155
\alignsep@=\dimen156
\tagshift@=\dimen157
\tagwidth@=\dimen158
\totwidth@=\dimen159
\lineht@=\dimen160
\@envbody=\toks22
\multlinegap=\skip144
\multlinetaggap=\skip145
\mathdisplay@stack=\toks23
LaTeX Info: Redefining \[ on input line 2923.
LaTeX Info: Redefining \] on input line 2924.
) ("C:\Program Files\MiKTeX\tex/latex/amsfonts\amsfonts.sty"
Package: amsfonts 2013/01/14 v3.01 Basic AMSFonts support
\symAMSa=\mathgroup4
\symAMSb=\mathgroup5
LaTeX Font Info:    Redeclaring math symbol \hbar on input line 98.
LaTeX Font Info:    Overwriting math alphabet `\mathfrak' in version `bold'
(Font)                  U/euf/m/n --> U/euf/b/n on input line 106.
) ("C:\Program Files\MiKTeX\tex/latex/amsfonts\amssymb.sty"
Package: amssymb 2013/01/14 v3.01 AMS font symbols
) ("C:\Program Files\MiKTeX\tex/latex/stmaryrd\stmaryrd.sty"
Package: stmaryrd 1994/03/03 St Mary's Road symbol package
\symstmry=\mathgroup6
LaTeX Font Info:    Overwriting symbol font `stmry' in version `bold'
(Font)                  U/stmry/m/n --> U/stmry/b/n on input line 89.
) ("C:\Program Files\MiKTeX\tex/latex/base\textcomp.sty"
Package: textcomp 2020/02/02 v2.0n Standard LaTeX package
) ("C:\Program Files\MiKTeX\tex/latex/psnfss\pifont.sty"
Package: pifont 2020/03/25 PSNFSS-v9.3 Pi font support (SPQR) 
LaTeX Font Info:    Trying to load font information for U+pzd on input line 63.

("C:\Program Files\MiKTeX\tex/latex/psnfss\upzd.fd"
File: upzd.fd 2001/06/04 font definitions for U/pzd.
)
LaTeX Font Info:    Trying to load font information for U+psy on input line 64.

("C:\Program Files\MiKTeX\tex/latex/psnfss\upsy.fd"
File: upsy.fd 2001/06/04 font definitions for U/psy.
)) ("C:\Program Files\MiKTeX\tex/latex/hyperref\hyperref.sty"
Package: hyperref 2020-05-15 v7.00e Hypertext links for LaTeX
("C:\Program Files\MiKTeX\tex/generic/ltxcmds\ltxcmds.sty"
Package: ltxcmds 2020-05-10 v1.25 LaTeX kernel commands for general use (HO)
) ("C:\Program Files\MiKTeX\tex/generic/pdftexcmds\pdftexcmds.sty"
Package: pdftexcmds 2020-06-27 v0.33 Utility functions of pdfTeX for LuaTeX (HO
)
("C:\Program Files\MiKTeX\tex/generic/infwarerr\infwarerr.sty"
Package: infwarerr 2019/12/03 v1.5 Providing info/warning/error messages (HO)
)
Package pdftexcmds Info: \pdf@primitive is available.
Package pdftexcmds Info: \pdf@ifprimitive is available.
Package pdftexcmds Info: \pdfdraftmode is ignored in DVI mode.
) ("C:\Program Files\MiKTeX\tex/generic/kvsetkeys\kvsetkeys.sty"
Package: kvsetkeys 2019/12/15 v1.18 Key value parser (HO)
) ("C:\Program Files\MiKTeX\tex/generic/kvdefinekeys\kvdefinekeys.sty"
Package: kvdefinekeys 2019-12-19 v1.6 Define keys (HO)
) ("C:\Program Files\MiKTeX\tex/generic/pdfescape\pdfescape.sty"
Package: pdfescape 2019/12/09 v1.15 Implements pdfTeX's escape features (HO)
) ("C:\Program Files\MiKTeX\tex/latex/hycolor\hycolor.sty"
Package: hycolor 2020-01-27 v1.10 Color options for hyperref/bookmark (HO)
) ("C:\Program Files\MiKTeX\tex/latex/letltxmacro\letltxmacro.sty"
Package: letltxmacro 2019/12/03 v1.6 Let assignment for LaTeX macros (HO)
) ("C:\Program Files\MiKTeX\tex/latex/auxhook\auxhook.sty"
Package: auxhook 2019-12-17 v1.6 Hooks for auxiliary files (HO)
) ("C:\Program Files\MiKTeX\tex/latex/kvoptions\kvoptions.sty"
Package: kvoptions 2020-10-07 v3.14 Key value format for package options (HO)
)
\@linkdim=\dimen161
\Hy@linkcounter=\count273
\Hy@pagecounter=\count274
("C:\Program Files\MiKTeX\tex/latex/hyperref\pd1enc.def"
File: pd1enc.def 2020-05-15 v7.00e Hyperref: PDFDocEncoding definition (HO)
Now handling font encoding PD1 ...
... no UTF-8 mapping file for font encoding PD1
) ("C:\Program Files\MiKTeX\tex/generic/intcalc\intcalc.sty"
Package: intcalc 2019/12/15 v1.3 Expandable calculations with integers (HO)
) ("C:\Program Files\MiKTeX\tex/generic/etexcmds\etexcmds.sty"
Package: etexcmds 2019/12/15 v1.7 Avoid name clashes with e-TeX commands (HO)
)
\Hy@SavedSpaceFactor=\count275
Package hyperref Info: Hyper figures OFF on input line 4464.
Package hyperref Info: Link nesting OFF on input line 4469.
Package hyperref Info: Hyper index ON on input line 4472.
Package hyperref Info: Plain pages OFF on input line 4479.
Package hyperref Info: Backreferencing OFF on input line 4484.
Package hyperref Info: Implicit mode ON; LaTeX internals redefined.
Package hyperref Info: Bookmarks ON on input line 4717.
\c@Hy@tempcnt=\count276
("C:\Program Files\MiKTeX\tex/latex/url\url.sty"
\Urlmuskip=\muskip17
Package: url 2013/09/16  ver 3.4  Verb mode for urls, etc.
)
LaTeX Info: Redefining \url on input line 5076.
\XeTeXLinkMargin=\dimen162
("C:\Program Files\MiKTeX\tex/generic/bitset\bitset.sty"
Package: bitset 2019/12/09 v1.3 Handle bit-vector datatype (HO)
("C:\Program Files\MiKTeX\tex/generic/bigintcalc\bigintcalc.sty"
Package: bigintcalc 2019/12/15 v1.5 Expandable calculations on big integers (HO
)
))
\Fld@menulength=\count277
\Field@Width=\dimen163
\Fld@charsize=\dimen164
Package hyperref Info: Hyper figures OFF on input line 6347.
Package hyperref Info: Link nesting OFF on input line 6352.
Package hyperref Info: Hyper index ON on input line 6355.
Package hyperref Info: backreferencing OFF on input line 6362.
Package hyperref Info: Link coloring OFF on input line 6367.
Package hyperref Info: Link coloring with OCG OFF on input line 6372.
Package hyperref Info: PDF/A mode OFF on input line 6377.
LaTeX Info: Redefining \ref on input line 6417.
LaTeX Info: Redefining \pageref on input line 6421.
("C:\Program Files\MiKTeX\tex/latex/base\atbegshi-ltx.sty"
Package: atbegshi-ltx 2020/08/17 v1.0a Emulation of the original atbegshi packa
ge
with kernel methods
)
\Hy@abspage=\count278
\c@Item=\count279
\c@Hfootnote=\count280
)
Package hyperref Info: Driver (default): hdvips.
("C:\Program Files\MiKTeX\tex/latex/hyperref\hdvips.def"
File: hdvips.def 2020-05-15 v7.00e Hyperref driver for dvips
("C:\Program Files\MiKTeX\tex/latex/hyperref\pdfmark.def"
File: pdfmark.def 2020-05-15 v7.00e Hyperref definitions for pdfmark specials
\pdf@docset=\toks24
\pdf@box=\box55
\pdf@toks=\toks25
\pdf@defaulttoks=\toks26
\HyField@AnnotCount=\count281
\Fld@listcount=\count282
\c@bookmark@seq@number=\count283
("C:\Program Files\MiKTeX\tex/latex/rerunfilecheck\rerunfilecheck.sty"
Package: rerunfilecheck 2019/12/05 v1.9 Rerun checks for auxiliary files (HO)
("C:\Program Files\MiKTeX\tex/latex/base\atveryend-ltx.sty"
Package: atveryend-ltx 2020/08/19 v1.0a Emulation of the original atvery packag
e
with kernel methods
) ("C:\Program Files\MiKTeX\tex/generic/uniquecounter\uniquecounter.sty"
Package: uniquecounter 2019/12/15 v1.4 Provide unlimited unique counter (HO)
)
Package uniquecounter Info: New unique counter `rerunfilecheck' on input line 2
86.
)
\Hy@SectionHShift=\skip146
)) ("C:\Program Files\MiKTeX\tex/latex/bookmark\bookmark.sty"
Package: bookmark 2020-11-06 v1.29 PDF bookmarks (HO)
("C:\Program Files\MiKTeX\tex/latex/bookmark\bkm-dvips.def"
File: bkm-dvips.def 2020-11-06 v1.29 bookmark driver for dvips (HO)
\BKM@id=\count284
))
Package hyperref Info: Option `colorlinks' set `true' on input line 88.
\px=\skip147
\c@md@targetcount=\count285
\mdcompactskip=\skip148
\mdcompacttopsep=\skip149
\dim@rem=\skip150
\dim@ch=\skip151
\md@height=\skip152
\dim@marginbottom=\skip153
\dim@paddingbottom=\skip154
\md@interaction=\count286
\mddefinitionsskip=\skip155
\md@captionlen=\skip156
\mdtoclevel=\count287
\c@mdtoclevelbold=\count288
\c@mdtocleveldots=\count289
\mdtocskip=\skip157
\mdpreskip=\skip158
\presp=\skip159
\md@postskip=\skip160
\ppresp=\skip161
\md@thmcaption=\box56
\md@defaultcolwidth=\skip162
\mdtabularskip=\skip163
\mdbibindentunit=\skip164
\c@md@authorcount=\count290
\c@mdx@authorcount=\count291
\c@@mdTargetCount=\count292
\@snippetBox=\box57
\@snippetWidth=\skip165
\@snippetHeight=\skip166
\@snippetDepth=\skip167
\c@snippets=\count293
) ("C:\Program Files\MiKTeX\tex/generic/xypic\xypic.sty" ("C:\Program Files\MiK
TeX\tex/generic/xypic\xy.sty" ("C:\Program Files\MiKTeX\tex/generic/xypic\xy.te
x" Bootstrap'ing: catcodes, docmode, ("C:\Program Files\MiKTeX\tex/generic/xypi
c\xyrecat.tex") ("C:\Program Files\MiKTeX\tex/generic/xypic\xyidioms.tex")

 Xy-pic version 3.8.9 <2013/10/06>
 Copyright (c) 1991-2013 by Kristoffer H. Rose <krisrose@tug.org> and others
 Xy-pic is free software: see the User's Guide for details.

Loading kernel: messages; fonts; allocations: state,
\X@c=\dimen165
\Y@c=\dimen166
\U@c=\dimen167
\D@c=\dimen168
\L@c=\dimen169
\R@c=\dimen170
\Edge@c=\toks27
\X@p=\dimen171
\Y@p=\dimen172
\U@p=\dimen173
\D@p=\dimen174
\L@p=\dimen175
\R@p=\dimen176
\Edge@p=\toks28
\X@origin=\dimen177
\Y@origin=\dimen178
\X@xbase=\dimen179
\Y@xbase=\dimen180
\X@ybase=\dimen181
\Y@ybase=\dimen182
\X@min=\dimen183
\Y@min=\dimen184
\X@max=\dimen185
\Y@max=\dimen186
\lastobjectbox@=\box58
\zerodotbox@=\box59
\almostz@=\dimen187
direction,
\d@X=\dimen188
\d@Y=\dimen189
\K@=\count294
\KK@=\count295
\Direction=\count296
\K@dXdY=\dimen190
\K@dYdX=\dimen191
\xyread@=\read2
\xywrite@=\write3
\csp@=\count297
\quotPTK@=\dimen192
utility macros; pictures: \xy, positions,
\swaptoks@@=\toks29
\connectobjectbox@@=\box60
objects,
\styletoks@=\toks30
decorations; kernel objects: directionals, circles, text; options; algorithms: 
directions, edges, connections;  Xy-pic loaded) ("C:\Program Files\MiKTeX\tex/g
eneric/iftex\ifpdf.sty"
Package: ifpdf 2019/10/25 v3.4 ifpdf legacy package. Use iftex instead.
)

LaTeX Warning: You have requested package `xypic',
               but the package provides `xy'.

Package: xy 2013/10/06 Xy-pic version 3.8.9
) ("C:\Program Files\MiKTeX\tex/generic/xypic\xyv2.tex"  Xy-pic option: Version
 2 Compatibility v.3.8

Xy-pic Warning: `\merge' redefined.


Xy-pic Warning: `\stop' redefined.

("C:\Program Files\MiKTeX\tex/generic/xypic\xyframe.tex"  Xy-pic option: Frame 
and Bracket extension v.3.14 loaded) ("C:\Program Files\MiKTeX\tex/generic/xypi
c\xymatrix.tex"  Xy-pic option: Matrix feature v.3.14
\Row=\count298
\Col=\count299
\queue@=\toks31
\queue@@=\toks32
\qcount@=\count300
\qcount@@=\count301
\matrixsize@=\count302
loaded) ("C:\Program Files\MiKTeX\tex/generic/xypic\xyarrow.tex"  Xy-pic option
: Arrow and Path feature v.3.9 path, \ar, loaded) loaded)) ("C:\Program Files\M
iKTeX\tex/latex/l3backend\l3backend-dvips.def"
File: l3backend-dvips.def 2020-09-24 L3 backend support: dvips
\l__pdf_internal_box=\box61
\g__pdf_backend_object_int=\count303
\l__pdf_backend_content_box=\box62
\l__pdf_backend_model_box=\box63
\g__pdf_backend_annotation_int=\count304
\g__pdf_backend_link_int=\count305
\g__pdf_backend_link_sf_int=\count306
)
(C:\cygwin64\home\aseemr\fstar-priv\courses\VeriCrypt2020\out\VeriCrypt2020\fst
ar-vericrypt-lecture1-math-plain.aux)
\openout1 = `fstar-vericrypt-lecture1-math-plain.aux'.

LaTeX Font Info:    Checking defaults for OML/cmm/m/it on input line 28.
LaTeX Font Info:    ... okay on input line 28.
LaTeX Font Info:    Checking defaults for OMS/cmsy/m/n on input line 28.
LaTeX Font Info:    ... okay on input line 28.
LaTeX Font Info:    Checking defaults for OT1/cmr/m/n on input line 28.
LaTeX Font Info:    ... okay on input line 28.
LaTeX Font Info:    Checking defaults for T1/cmr/m/n on input line 28.
LaTeX Font Info:    ... okay on input line 28.
LaTeX Font Info:    Checking defaults for TS1/cmr/m/n on input line 28.
LaTeX Font Info:    ... okay on input line 28.
LaTeX Font Info:    Checking defaults for OMX/cmex/m/n on input line 28.
LaTeX Font Info:    ... okay on input line 28.
LaTeX Font Info:    Checking defaults for U/cmr/m/n on input line 28.
LaTeX Font Info:    ... okay on input line 28.
LaTeX Font Info:    Checking defaults for PD1/pdf/m/n on input line 28.
LaTeX Font Info:    ... okay on input line 28.
Package hyperref Info: Link coloring ON on input line 28.
("C:\Program Files\MiKTeX\tex/latex/hyperref\nameref.sty"
Package: nameref 2019/09/16 v2.46 Cross-referencing by name of section
("C:\Program Files\MiKTeX\tex/latex/refcount\refcount.sty"
Package: refcount 2019/12/15 v3.6 Data extraction from label references (HO)
) ("C:\Program Files\MiKTeX\tex/generic/gettitlestring\gettitlestring.sty"
Package: gettitlestring 2019/12/15 v1.6 Cleanup title references (HO)
)
\c@section@level=\count307
)
LaTeX Info: Redefining \ref on input line 28.
LaTeX Info: Redefining \pageref on input line 28.
LaTeX Info: Redefining \nameref on input line 28.
\md@dimfile=\write4
\openout4 = `fstar-vericrypt-lecture1-math-plain.dim'.

LaTeX Font Info:    Trying to load font information for U+msa on input line 39.

("C:\Program Files\MiKTeX\tex/latex/amsfonts\umsa.fd"
File: umsa.fd 2013/01/14 v3.01 AMS symbols A
)
LaTeX Font Info:    Trying to load font information for U+msb on input line 39.

("C:\Program Files\MiKTeX\tex/latex/amsfonts\umsb.fd"
File: umsb.fd 2013/01/14 v3.01 AMS symbols B
)
LaTeX Font Info:    Trying to load font information for U+stmry on input line 3
9.
("C:\Program Files\MiKTeX\tex/latex/stmaryrd\ustmry.fd") [1

] [2] [3] [4] [5] [6] [7]
\BKM@file=\write5
\openout5 = `fstar-vericrypt-lecture1-math-plain.out.ps'.

[8]
(C:\cygwin64\home\aseemr\fstar-priv\courses\VeriCrypt2020\out\VeriCrypt2020\fst
ar-vericrypt-lecture1-math-plain.aux) ) 
Here is how much of TeX's memory you used:
 12351 strings out of 479800
 219119 string characters out of 2879621
 546781 words of memory out of 3000000
 29147 multiletter control sequences out of 15000+200000
 539130 words of font info for 48 fonts, out of 3000000 for 9000
 1141 hyphenation exceptions out of 8191
 86i,5n,90p,469b,382s stack positions out of 5000i,500n,10000p,200000b,50000s

Output written on C:\cygwin64\home\aseemr\fstar-priv\courses\VeriCrypt2020\out\
VeriCrypt2020\fstar-vericrypt-lecture1-math-plain.dvi (8 pages, 7444 bytes).
